

Started GET "/" for 127.0.0.1 at 2017-01-18 21:12:25 +0530

ActiveRecord::PendingMigrationError (

Migrations are pending. To resolve this issue, run:

	bin/rake db:migrate RAILS_ENV=development

):
  activerecord (4.1.5) lib/active_record/migration.rb:389:in `check_pending!'
  activerecord (4.1.5) lib/active_record/migration.rb:377:in `call'
  actionpack (4.1.5) lib/action_dispatch/middleware/callbacks.rb:29:in `block in call'
  activesupport (4.1.5) lib/active_support/callbacks.rb:82:in `run_callbacks'
  actionpack (4.1.5) lib/action_dispatch/middleware/callbacks.rb:27:in `call'
  actionpack (4.1.5) lib/action_dispatch/middleware/reloader.rb:73:in `call'
  actionpack (4.1.5) lib/action_dispatch/middleware/remote_ip.rb:76:in `call'
  actionpack (4.1.5) lib/action_dispatch/middleware/debug_exceptions.rb:17:in `call'
  actionpack (4.1.5) lib/action_dispatch/middleware/show_exceptions.rb:30:in `call'
  railties (4.1.5) lib/rails/rack/logger.rb:38:in `call_app'
  railties (4.1.5) lib/rails/rack/logger.rb:20:in `block in call'
  activesupport (4.1.5) lib/active_support/tagged_logging.rb:68:in `block in tagged'
  activesupport (4.1.5) lib/active_support/tagged_logging.rb:26:in `tagged'
  activesupport (4.1.5) lib/active_support/tagged_logging.rb:68:in `tagged'
  railties (4.1.5) lib/rails/rack/logger.rb:20:in `call'
  actionpack (4.1.5) lib/action_dispatch/middleware/request_id.rb:21:in `call'
  rack (1.5.5) lib/rack/methodoverride.rb:21:in `call'
  rack (1.5.5) lib/rack/runtime.rb:17:in `call'
  activesupport (4.1.5) lib/active_support/cache/strategy/local_cache_middleware.rb:26:in `call'
  rack (1.5.5) lib/rack/lock.rb:17:in `call'
  actionpack (4.1.5) lib/action_dispatch/middleware/static.rb:64:in `call'
  rack (1.5.5) lib/rack/sendfile.rb:112:in `call'
  railties (4.1.5) lib/rails/engine.rb:514:in `call'
  railties (4.1.5) lib/rails/application.rb:144:in `call'
  rack (1.5.5) lib/rack/lock.rb:17:in `call'
  rack (1.5.5) lib/rack/content_length.rb:14:in `call'
  rack (1.5.5) lib/rack/handler/webrick.rb:60:in `service'
  /Users/yogeshnogia/.rbenv/versions/2.3.1/lib/ruby/2.3.0/webrick/httpserver.rb:140:in `service'
  /Users/yogeshnogia/.rbenv/versions/2.3.1/lib/ruby/2.3.0/webrick/httpserver.rb:96:in `run'
  /Users/yogeshnogia/.rbenv/versions/2.3.1/lib/ruby/2.3.0/webrick/server.rb:296:in `block in start_thread'


  Rendered /Users/yogeshnogia/.rbenv/versions/2.3.1/lib/ruby/gems/2.3.0/gems/actionpack-4.1.5/lib/action_dispatch/middleware/templates/rescues/_source.erb (0.7ms)
  Rendered /Users/yogeshnogia/.rbenv/versions/2.3.1/lib/ruby/gems/2.3.0/gems/actionpack-4.1.5/lib/action_dispatch/middleware/templates/rescues/_trace.html.erb (1.1ms)
  Rendered /Users/yogeshnogia/.rbenv/versions/2.3.1/lib/ruby/gems/2.3.0/gems/actionpack-4.1.5/lib/action_dispatch/middleware/templates/rescues/_request_and_response.html.erb (1.0ms)
  Rendered /Users/yogeshnogia/.rbenv/versions/2.3.1/lib/ruby/gems/2.3.0/gems/actionpack-4.1.5/lib/action_dispatch/middleware/templates/rescues/diagnostics.erb within rescues/layout (80.5ms)
  [1m[36m (1.2ms)[0m  [1mCREATE TABLE "schema_migrations" ("version" varchar(255) NOT NULL) [0m
  [1m[35m (0.1ms)[0m  select sqlite_version(*)
  [1m[36m (0.9ms)[0m  [1mCREATE UNIQUE INDEX "unique_schema_migrations" ON "schema_migrations" ("version")[0m
  [1m[35mActiveRecord::SchemaMigration Load (0.1ms)[0m  SELECT "schema_migrations".* FROM "schema_migrations"
Migrating to CreatePosts (20140911142836)
  [1m[36m (0.1ms)[0m  [1mbegin transaction[0m
  [1m[35m (0.5ms)[0m  CREATE TABLE "posts" ("id" INTEGER PRIMARY KEY AUTOINCREMENT NOT NULL, "title" varchar(255), "body" text, "created_at" datetime, "updated_at" datetime) 
  [1m[36mSQL (0.2ms)[0m  [1mINSERT INTO "schema_migrations" ("version") VALUES (?)[0m  [["version", "20140911142836"]]
  [1m[35m (0.8ms)[0m  commit transaction
Migrating to CreateComments (20140911204322)
  [1m[36m (0.1ms)[0m  [1mbegin transaction[0m
  [1m[35m (0.4ms)[0m  CREATE TABLE "comments" ("id" INTEGER PRIMARY KEY AUTOINCREMENT NOT NULL, "name" varchar(255), "body" text, "post_id" integer, "created_at" datetime, "updated_at" datetime) 
  [1m[36m (0.1ms)[0m  [1mCREATE  INDEX "index_comments_on_post_id" ON "comments" ("post_id")[0m
  [1m[35mSQL (0.1ms)[0m  INSERT INTO "schema_migrations" ("version") VALUES (?)  [["version", "20140911204322"]]
  [1m[36m (0.8ms)[0m  [1mcommit transaction[0m
Migrating to DeviseCreateUsers (20140911230918)
  [1m[35m (0.0ms)[0m  begin transaction
  [1m[36m (0.4ms)[0m  [1mCREATE TABLE "users" ("id" INTEGER PRIMARY KEY AUTOINCREMENT NOT NULL, "email" varchar(255) DEFAULT '' NOT NULL, "encrypted_password" varchar(255) DEFAULT '' NOT NULL, "reset_password_token" varchar(255), "reset_password_sent_at" datetime, "remember_created_at" datetime, "sign_in_count" integer DEFAULT 0 NOT NULL, "current_sign_in_at" datetime, "last_sign_in_at" datetime, "current_sign_in_ip" varchar(255), "last_sign_in_ip" varchar(255), "created_at" datetime, "updated_at" datetime) [0m
  [1m[35m (1.2ms)[0m  CREATE UNIQUE INDEX "index_users_on_email" ON "users" ("email")
  [1m[36m (0.2ms)[0m  [1m            SELECT sql
            FROM sqlite_master
            WHERE name='index_users_on_email' AND type='index'
            UNION ALL
            SELECT sql
            FROM sqlite_temp_master
            WHERE name='index_users_on_email' AND type='index'
[0m
  [1m[35m (0.2ms)[0m  CREATE UNIQUE INDEX "index_users_on_reset_password_token" ON "users" ("reset_password_token")
  [1m[36mSQL (0.1ms)[0m  [1mINSERT INTO "schema_migrations" ("version") VALUES (?)[0m  [["version", "20140911230918"]]
  [1m[35m (1.0ms)[0m  commit transaction
  [1m[36mActiveRecord::SchemaMigration Load (0.1ms)[0m  [1mSELECT "schema_migrations".* FROM "schema_migrations"[0m
  [1m[35m (0.1ms)[0m              SELECT sql
            FROM sqlite_master
            WHERE name='index_comments_on_post_id' AND type='index'
            UNION ALL
            SELECT sql
            FROM sqlite_temp_master
            WHERE name='index_comments_on_post_id' AND type='index'

  [1m[36m (0.1ms)[0m  [1m            SELECT sql
            FROM sqlite_master
            WHERE name='index_users_on_reset_password_token' AND type='index'
            UNION ALL
            SELECT sql
            FROM sqlite_temp_master
            WHERE name='index_users_on_reset_password_token' AND type='index'
[0m
  [1m[35m (0.1ms)[0m              SELECT sql
            FROM sqlite_master
            WHERE name='index_users_on_email' AND type='index'
            UNION ALL
            SELECT sql
            FROM sqlite_temp_master
            WHERE name='index_users_on_email' AND type='index'



Started GET "/" for 127.0.0.1 at 2017-01-18 21:12:54 +0530
  [1m[36mActiveRecord::SchemaMigration Load (0.1ms)[0m  [1mSELECT "schema_migrations".* FROM "schema_migrations"[0m
Processing by PostsController#index as HTML
  [1m[35mPost Load (0.2ms)[0m  SELECT "posts".* FROM "posts"   ORDER BY created_at DESC
  Rendered posts/index.html.erb within layouts/application (2.1ms)
Completed 200 OK in 1043ms (Views: 1020.7ms | ActiveRecord: 0.2ms)


Started GET "/assets/_normalize.css?body=1" for 127.0.0.1 at 2017-01-18 21:12:56 +0530


Started GET "/assets/pages.css?body=1" for 127.0.0.1 at 2017-01-18 21:12:56 +0530


Started GET "/assets/comments.css?body=1" for 127.0.0.1 at 2017-01-18 21:12:56 +0530


Started GET "/assets/posts.css?body=1" for 127.0.0.1 at 2017-01-18 21:12:56 +0530


Started GET "/assets/turbolinks.js?body=1" for 127.0.0.1 at 2017-01-18 21:12:56 +0530


Started GET "/assets/comments.js?body=1" for 127.0.0.1 at 2017-01-18 21:12:56 +0530


Started GET "/assets/jquery_ujs.js?body=1" for 127.0.0.1 at 2017-01-18 21:12:56 +0530


Started GET "/assets/pages.js?body=1" for 127.0.0.1 at 2017-01-18 21:12:56 +0530


Started GET "/assets/jquery.js?body=1" for 127.0.0.1 at 2017-01-18 21:12:56 +0530


Started GET "/assets/application.css?body=1" for 127.0.0.1 at 2017-01-18 21:12:56 +0530


Started GET "/assets/posts.js?body=1" for 127.0.0.1 at 2017-01-18 21:12:56 +0530


Started GET "/assets/application.js?body=1" for 127.0.0.1 at 2017-01-18 21:12:56 +0530


Started GET "/assets/logo.svg" for 127.0.0.1 at 2017-01-18 21:12:56 +0530


Started GET "/assets/favicon.ico" for 127.0.0.1 at 2017-01-18 21:12:57 +0530


Started GET "/posts/new" for 127.0.0.1 at 2017-01-18 21:13:22 +0530
Processing by PostsController#new as HTML
Completed 401 Unauthorized in 4ms


Started GET "/users/sign_in" for 127.0.0.1 at 2017-01-18 21:13:22 +0530
Processing by Devise::SessionsController#new as HTML
  Rendered devise/shared/_links.erb (1.9ms)
  Rendered devise/sessions/new.html.erb within layouts/application (25.3ms)
Completed 200 OK in 137ms (Views: 123.7ms | ActiveRecord: 0.4ms)


Started GET "/assets/jquery.js?body=1" for 127.0.0.1 at 2017-01-18 21:13:22 +0530


Started GET "/assets/jquery_ujs.js?body=1" for 127.0.0.1 at 2017-01-18 21:13:22 +0530


Started GET "/assets/posts.js?body=1" for 127.0.0.1 at 2017-01-18 21:13:22 +0530


Started GET "/assets/comments.js?body=1" for 127.0.0.1 at 2017-01-18 21:13:22 +0530


Started GET "/assets/favicon.ico" for 127.0.0.1 at 2017-01-18 21:13:23 +0530


Started GET "/" for 127.0.0.1 at 2017-01-18 21:13:31 +0530
Processing by PostsController#index as HTML
  [1m[36mPost Load (0.2ms)[0m  [1mSELECT "posts".* FROM "posts"   ORDER BY created_at DESC[0m
  Rendered posts/index.html.erb within layouts/application (0.7ms)
Completed 200 OK in 180ms (Views: 179.3ms | ActiveRecord: 0.2ms)


Started GET "/users/sign_up" for 127.0.0.1 at 2017-01-18 21:13:37 +0530
Processing by Devise::RegistrationsController#new as HTML
  Rendered devise/shared/_links.erb (0.8ms)
  Rendered devise/registrations/new.html.erb within layouts/application (13.2ms)
Completed 200 OK in 171ms (Views: 169.1ms | ActiveRecord: 0.0ms)


Started GET "/assets/favicon.ico" for 127.0.0.1 at 2017-01-18 21:13:37 +0530


Started POST "/users" for 127.0.0.1 at 2017-01-18 21:13:48 +0530
Processing by Devise::RegistrationsController#create as HTML
  Parameters: {"utf8"=>"✓", "authenticity_token"=>"NIqH7PsYG77/a609+kESRROhfBV5BTeMiqGCWRM7A9Q=", "user"=>{"email"=>"yogeshnogia@gmail.com", "password"=>"[FILTERED]", "password_confirmation"=>"[FILTERED]"}, "commit"=>"Sign up"}
  [1m[35m (0.1ms)[0m  begin transaction
  [1m[36mUser Exists (0.2ms)[0m  [1mSELECT  1 AS one FROM "users"  WHERE "users"."email" = 'yogeshnogia@gmail.com' LIMIT 1[0m
  [1m[35m (0.1ms)[0m  rollback transaction
  Rendered devise/shared/_links.erb (0.3ms)
  Rendered devise/registrations/new.html.erb within layouts/application (7.3ms)
Completed 200 OK in 195ms (Views: 88.8ms | ActiveRecord: 0.3ms)


Started GET "/assets/jquery_ujs.js?body=1" for 127.0.0.1 at 2017-01-18 21:13:49 +0530


Started GET "/assets/comments.js?body=1" for 127.0.0.1 at 2017-01-18 21:13:49 +0530


Started GET "/assets/jquery.js?body=1" for 127.0.0.1 at 2017-01-18 21:13:49 +0530


Started GET "/assets/posts.js?body=1" for 127.0.0.1 at 2017-01-18 21:13:49 +0530


Started POST "/users" for 127.0.0.1 at 2017-01-18 21:14:00 +0530
Processing by Devise::RegistrationsController#create as HTML
  Parameters: {"utf8"=>"✓", "authenticity_token"=>"NIqH7PsYG77/a609+kESRROhfBV5BTeMiqGCWRM7A9Q=", "user"=>{"email"=>"yogeshnogia@gmail.com", "password"=>"[FILTERED]", "password_confirmation"=>"[FILTERED]"}, "commit"=>"Sign up"}
  [1m[36m (0.1ms)[0m  [1mbegin transaction[0m
  [1m[35mUser Exists (0.1ms)[0m  SELECT  1 AS one FROM "users"  WHERE "users"."email" = 'yogeshnogia@gmail.com' LIMIT 1
Binary data inserted for `string` type on column `encrypted_password`
  [1m[36mSQL (0.7ms)[0m  [1mINSERT INTO "users" ("created_at", "email", "encrypted_password", "updated_at") VALUES (?, ?, ?, ?)[0m  [["created_at", "2017-01-18 15:44:00.970030"], ["email", "yogeshnogia@gmail.com"], ["encrypted_password", "$2a$10$R9hE8lQ0cEz45VyvIzGDVekcqv4sCGXujX3AjZCUvvWsyQjhi9Scu"], ["updated_at", "2017-01-18 15:44:00.970030"]]
  [1m[35m (0.8ms)[0m  commit transaction
  [1m[36m (0.1ms)[0m  [1mbegin transaction[0m
Binary data inserted for `string` type on column `current_sign_in_ip`
Binary data inserted for `string` type on column `last_sign_in_ip`
  [1m[35mSQL (0.4ms)[0m  UPDATE "users" SET "current_sign_in_at" = ?, "current_sign_in_ip" = ?, "last_sign_in_at" = ?, "last_sign_in_ip" = ?, "sign_in_count" = ?, "updated_at" = ? WHERE "users"."id" = 1  [["current_sign_in_at", "2017-01-18 15:44:00.975879"], ["current_sign_in_ip", "127.0.0.1"], ["last_sign_in_at", "2017-01-18 15:44:00.975879"], ["last_sign_in_ip", "127.0.0.1"], ["sign_in_count", 1], ["updated_at", "2017-01-18 15:44:00.977182"]]
  [1m[36m (0.8ms)[0m  [1mcommit transaction[0m
Redirected to http://localhost:3000/posts/new
Completed 302 Found in 99ms (ActiveRecord: 3.0ms)


Started GET "/posts/new" for 127.0.0.1 at 2017-01-18 21:14:00 +0530
Processing by PostsController#new as HTML
  [1m[35mUser Load (0.2ms)[0m  SELECT  "users".* FROM "users"  WHERE "users"."id" = 1  ORDER BY "users"."id" ASC LIMIT 1
  Rendered posts/_form.html.erb (7.5ms)
  Rendered posts/new.html.erb within layouts/application (9.8ms)
Completed 200 OK in 105ms (Views: 95.6ms | ActiveRecord: 0.5ms)


Started GET "/assets/jquery.js?body=1" for 127.0.0.1 at 2017-01-18 21:14:01 +0530


Started GET "/assets/jquery_ujs.js?body=1" for 127.0.0.1 at 2017-01-18 21:14:01 +0530


Started GET "/assets/comments.js?body=1" for 127.0.0.1 at 2017-01-18 21:14:01 +0530


Started GET "/assets/posts.js?body=1" for 127.0.0.1 at 2017-01-18 21:14:01 +0530


Started POST "/posts" for 127.0.0.1 at 2017-01-18 21:14:15 +0530
Processing by PostsController#create as HTML
  Parameters: {"utf8"=>"✓", "authenticity_token"=>"NIqH7PsYG77/a609+kESRROhfBV5BTeMiqGCWRM7A9Q=", "post"=>{"title"=>"Hello ", "body"=>"This is the first post"}, "commit"=>"Create Post"}
  [1m[36mUser Load (0.2ms)[0m  [1mSELECT  "users".* FROM "users"  WHERE "users"."id" = 1  ORDER BY "users"."id" ASC LIMIT 1[0m
  [1m[35m (0.0ms)[0m  begin transaction
  [1m[36mSQL (0.4ms)[0m  [1mINSERT INTO "posts" ("body", "created_at", "title", "updated_at") VALUES (?, ?, ?, ?)[0m  [["body", "This is the first post"], ["created_at", "2017-01-18 15:44:15.966623"], ["title", "Hello "], ["updated_at", "2017-01-18 15:44:15.966623"]]
  [1m[35m (0.8ms)[0m  commit transaction
Redirected to http://localhost:3000/posts/1
Completed 302 Found in 5ms (ActiveRecord: 1.4ms)


Started GET "/posts/1" for 127.0.0.1 at 2017-01-18 21:14:15 +0530
Processing by PostsController#show as HTML
  Parameters: {"id"=>"1"}
  [1m[36mPost Load (0.2ms)[0m  [1mSELECT  "posts".* FROM "posts"  WHERE "posts"."id" = ? LIMIT 1[0m  [["id", 1]]
  [1m[35mUser Load (0.2ms)[0m  SELECT  "users".* FROM "users"  WHERE "users"."id" = 1  ORDER BY "users"."id" ASC LIMIT 1
  [1m[36m (0.1ms)[0m  [1mSELECT COUNT(*) FROM "comments"  WHERE "comments"."post_id" = ?[0m  [["post_id", 1]]
  [1m[35mComment Load (0.1ms)[0m  SELECT "comments".* FROM "comments"  WHERE "comments"."post_id" = ?  [["post_id", 1]]
  Rendered collection (0.0ms)
  Rendered comments/_form.html.erb (12.0ms)
  Rendered posts/show.html.erb within layouts/application (37.1ms)
Completed 200 OK in 129ms (Views: 126.6ms | ActiveRecord: 1.0ms)


Started GET "/assets/jquery.js?body=1" for 127.0.0.1 at 2017-01-18 21:14:16 +0530


Started GET "/assets/comments.js?body=1" for 127.0.0.1 at 2017-01-18 21:14:16 +0530


Started GET "/assets/posts.js?body=1" for 127.0.0.1 at 2017-01-18 21:14:16 +0530


Started GET "/assets/jquery_ujs.js?body=1" for 127.0.0.1 at 2017-01-18 21:14:16 +0530


Started GET "/assets/favicon.ico" for 127.0.0.1 at 2017-01-18 21:14:17 +0530


Started GET "/" for 127.0.0.1 at 2017-01-18 21:14:20 +0530
Processing by PostsController#index as HTML
  [1m[36mPost Load (0.2ms)[0m  [1mSELECT "posts".* FROM "posts"   ORDER BY created_at DESC[0m
  Rendered posts/index.html.erb within layouts/application (1.3ms)
  [1m[35mUser Load (0.2ms)[0m  SELECT  "users".* FROM "users"  WHERE "users"."id" = 1  ORDER BY "users"."id" ASC LIMIT 1
Completed 200 OK in 150ms (Views: 149.1ms | ActiveRecord: 0.4ms)


Started GET "/posts/new" for 127.0.0.1 at 2017-01-18 21:14:37 +0530
Processing by PostsController#new as HTML
  [1m[36mUser Load (0.2ms)[0m  [1mSELECT  "users".* FROM "users"  WHERE "users"."id" = 1  ORDER BY "users"."id" ASC LIMIT 1[0m
  Rendered posts/_form.html.erb (2.6ms)
  Rendered posts/new.html.erb within layouts/application (4.9ms)
Completed 200 OK in 197ms (Views: 194.8ms | ActiveRecord: 0.2ms)


Started POST "/posts" for 127.0.0.1 at 2017-01-18 21:14:59 +0530
Processing by PostsController#create as HTML
  Parameters: {"utf8"=>"✓", "authenticity_token"=>"NIqH7PsYG77/a609+kESRROhfBV5BTeMiqGCWRM7A9Q=", "post"=>{"title"=>"Second Post", "body"=>"Hello, this is a second post."}, "commit"=>"Create Post"}
  [1m[35mUser Load (0.2ms)[0m  SELECT  "users".* FROM "users"  WHERE "users"."id" = 1  ORDER BY "users"."id" ASC LIMIT 1
  [1m[36m (0.1ms)[0m  [1mbegin transaction[0m
  [1m[35mSQL (0.3ms)[0m  INSERT INTO "posts" ("body", "created_at", "title", "updated_at") VALUES (?, ?, ?, ?)  [["body", "Hello, this is a second post."], ["created_at", "2017-01-18 15:44:59.506983"], ["title", "Second Post"], ["updated_at", "2017-01-18 15:44:59.506983"]]
  [1m[36m (0.6ms)[0m  [1mcommit transaction[0m
Redirected to http://localhost:3000/posts/2
Completed 302 Found in 5ms (ActiveRecord: 1.2ms)


Started GET "/posts/2" for 127.0.0.1 at 2017-01-18 21:14:59 +0530
Processing by PostsController#show as HTML
  Parameters: {"id"=>"2"}
  [1m[35mPost Load (0.1ms)[0m  SELECT  "posts".* FROM "posts"  WHERE "posts"."id" = ? LIMIT 1  [["id", 2]]
  [1m[36mUser Load (0.1ms)[0m  [1mSELECT  "users".* FROM "users"  WHERE "users"."id" = 1  ORDER BY "users"."id" ASC LIMIT 1[0m
  [1m[35m (0.1ms)[0m  SELECT COUNT(*) FROM "comments"  WHERE "comments"."post_id" = ?  [["post_id", 2]]
  [1m[36mComment Load (0.1ms)[0m  [1mSELECT "comments".* FROM "comments"  WHERE "comments"."post_id" = ?[0m  [["post_id", 2]]
  Rendered collection (0.0ms)
  Rendered comments/_form.html.erb (2.8ms)
  Rendered posts/show.html.erb within layouts/application (9.5ms)
Completed 200 OK in 95ms (Views: 93.0ms | ActiveRecord: 0.4ms)


Started GET "/assets/jquery.js?body=1" for 127.0.0.1 at 2017-01-18 21:15:00 +0530


Started GET "/assets/jquery_ujs.js?body=1" for 127.0.0.1 at 2017-01-18 21:15:00 +0530


Started GET "/assets/comments.js?body=1" for 127.0.0.1 at 2017-01-18 21:15:00 +0530


Started GET "/assets/posts.js?body=1" for 127.0.0.1 at 2017-01-18 21:15:00 +0530


Started GET "/assets/favicon.ico" for 127.0.0.1 at 2017-01-18 21:15:01 +0530


Started GET "/posts/2/edit" for 127.0.0.1 at 2017-01-18 21:15:03 +0530
Processing by PostsController#edit as HTML
  Parameters: {"id"=>"2"}
  [1m[35mUser Load (0.4ms)[0m  SELECT  "users".* FROM "users"  WHERE "users"."id" = 1  ORDER BY "users"."id" ASC LIMIT 1
  [1m[36mPost Load (0.2ms)[0m  [1mSELECT  "posts".* FROM "posts"  WHERE "posts"."id" = ? LIMIT 1[0m  [["id", 2]]
  Rendered posts/_form.html.erb (2.7ms)
  Rendered posts/edit.html.erb within layouts/application (4.5ms)
Completed 200 OK in 156ms (Views: 152.6ms | ActiveRecord: 0.6ms)


Started PATCH "/posts/2" for 127.0.0.1 at 2017-01-18 21:15:05 +0530
Processing by PostsController#update as HTML
  Parameters: {"utf8"=>"✓", "authenticity_token"=>"NIqH7PsYG77/a609+kESRROhfBV5BTeMiqGCWRM7A9Q=", "post"=>{"title"=>"Second Post", "body"=>"Hello, this is a second post."}, "commit"=>"Update Post", "id"=>"2"}
  [1m[35mUser Load (0.3ms)[0m  SELECT  "users".* FROM "users"  WHERE "users"."id" = 1  ORDER BY "users"."id" ASC LIMIT 1
  [1m[36mPost Load (0.1ms)[0m  [1mSELECT  "posts".* FROM "posts"  WHERE "posts"."id" = ? LIMIT 1[0m  [["id", 2]]
  [1m[35m (0.1ms)[0m  begin transaction
  [1m[36m (0.1ms)[0m  [1mcommit transaction[0m
Redirected to http://localhost:3000/posts/2
Completed 302 Found in 4ms (ActiveRecord: 0.5ms)


Started GET "/posts/2" for 127.0.0.1 at 2017-01-18 21:15:05 +0530
Processing by PostsController#show as HTML
  Parameters: {"id"=>"2"}
  [1m[35mPost Load (0.1ms)[0m  SELECT  "posts".* FROM "posts"  WHERE "posts"."id" = ? LIMIT 1  [["id", 2]]
  [1m[36mUser Load (0.1ms)[0m  [1mSELECT  "users".* FROM "users"  WHERE "users"."id" = 1  ORDER BY "users"."id" ASC LIMIT 1[0m
  [1m[35m (0.1ms)[0m  SELECT COUNT(*) FROM "comments"  WHERE "comments"."post_id" = ?  [["post_id", 2]]
  [1m[36mComment Load (0.1ms)[0m  [1mSELECT "comments".* FROM "comments"  WHERE "comments"."post_id" = ?[0m  [["post_id", 2]]
  Rendered collection (0.1ms)
  Rendered comments/_form.html.erb (2.2ms)
  Rendered posts/show.html.erb within layouts/application (7.1ms)
Completed 200 OK in 92ms (Views: 90.1ms | ActiveRecord: 0.4ms)


Started GET "/assets/jquery.js?body=1" for 127.0.0.1 at 2017-01-18 21:15:06 +0530


Started GET "/assets/posts.js?body=1" for 127.0.0.1 at 2017-01-18 21:15:06 +0530


Started GET "/assets/comments.js?body=1" for 127.0.0.1 at 2017-01-18 21:15:06 +0530


Started GET "/assets/jquery_ujs.js?body=1" for 127.0.0.1 at 2017-01-18 21:15:06 +0530


Started GET "/" for 127.0.0.1 at 2017-01-18 21:15:15 +0530
Processing by PostsController#index as HTML
  [1m[35mPost Load (0.2ms)[0m  SELECT "posts".* FROM "posts"   ORDER BY created_at DESC
  Rendered posts/index.html.erb within layouts/application (1.4ms)
  [1m[36mUser Load (0.3ms)[0m  [1mSELECT  "users".* FROM "users"  WHERE "users"."id" = 1  ORDER BY "users"."id" ASC LIMIT 1[0m
Completed 200 OK in 149ms (Views: 147.8ms | ActiveRecord: 0.4ms)


Started GET "/posts/new" for 127.0.0.1 at 2017-01-18 21:15:19 +0530
Processing by PostsController#new as HTML
  [1m[35mUser Load (0.2ms)[0m  SELECT  "users".* FROM "users"  WHERE "users"."id" = 1  ORDER BY "users"."id" ASC LIMIT 1
  Rendered posts/_form.html.erb (2.4ms)
  Rendered posts/new.html.erb within layouts/application (3.6ms)
Completed 200 OK in 153ms (Views: 151.8ms | ActiveRecord: 0.2ms)


Started GET "/" for 127.0.0.1 at 2017-01-18 21:15:21 +0530
Processing by PostsController#index as HTML
  [1m[36mPost Load (0.2ms)[0m  [1mSELECT "posts".* FROM "posts"   ORDER BY created_at DESC[0m
  Rendered posts/index.html.erb within layouts/application (1.4ms)
  [1m[35mUser Load (0.4ms)[0m  SELECT  "users".* FROM "users"  WHERE "users"."id" = 1  ORDER BY "users"."id" ASC LIMIT 1
Completed 200 OK in 194ms (Views: 192.7ms | ActiveRecord: 0.5ms)


Started GET "/" for 127.0.0.1 at 2017-01-18 21:15:22 +0530
Processing by PostsController#index as HTML
  [1m[36mPost Load (0.2ms)[0m  [1mSELECT "posts".* FROM "posts"   ORDER BY created_at DESC[0m
  Rendered posts/index.html.erb within layouts/application (1.4ms)
  [1m[35mUser Load (0.2ms)[0m  SELECT  "users".* FROM "users"  WHERE "users"."id" = 1  ORDER BY "users"."id" ASC LIMIT 1
Completed 200 OK in 89ms (Views: 88.4ms | ActiveRecord: 0.3ms)


Started GET "/assets/jquery.js?body=1" for 127.0.0.1 at 2017-01-18 21:15:22 +0530


Started GET "/assets/posts.js?body=1" for 127.0.0.1 at 2017-01-18 21:15:22 +0530


Started GET "/assets/jquery_ujs.js?body=1" for 127.0.0.1 at 2017-01-18 21:15:22 +0530


Started GET "/assets/comments.js?body=1" for 127.0.0.1 at 2017-01-18 21:15:22 +0530


Started GET "/about" for 127.0.0.1 at 2017-01-18 21:15:31 +0530
Processing by PagesController#about as HTML
  Rendered pages/about.html.erb within layouts/application (12.0ms)
  [1m[36mUser Load (0.3ms)[0m  [1mSELECT  "users".* FROM "users"  WHERE "users"."id" = 1  ORDER BY "users"."id" ASC LIMIT 1[0m
Completed 200 OK in 150ms (Views: 149.4ms | ActiveRecord: 0.3ms)


Started GET "/assets/profile.jpeg" for 127.0.0.1 at 2017-01-18 21:15:31 +0530


Started GET "/" for 127.0.0.1 at 2017-01-18 21:15:33 +0530
Processing by PostsController#index as HTML
  [1m[35mPost Load (0.2ms)[0m  SELECT "posts".* FROM "posts"   ORDER BY created_at DESC
  Rendered posts/index.html.erb within layouts/application (1.6ms)
  [1m[36mUser Load (0.5ms)[0m  [1mSELECT  "users".* FROM "users"  WHERE "users"."id" = 1  ORDER BY "users"."id" ASC LIMIT 1[0m
Completed 200 OK in 190ms (Views: 188.4ms | ActiveRecord: 0.7ms)


Started GET "/posts/new" for 127.0.0.1 at 2017-01-18 21:16:33 +0530
Processing by PostsController#new as HTML
  [1m[35mUser Load (0.2ms)[0m  SELECT  "users".* FROM "users"  WHERE "users"."id" = 1  ORDER BY "users"."id" ASC LIMIT 1
  Rendered posts/_form.html.erb (2.7ms)
  Rendered posts/new.html.erb within layouts/application (4.4ms)
Completed 200 OK in 268ms (Views: 266.3ms | ActiveRecord: 0.2ms)


Started GET "/" for 127.0.0.1 at 2017-01-18 21:16:40 +0530
Processing by PostsController#index as HTML
  [1m[36mPost Load (0.2ms)[0m  [1mSELECT "posts".* FROM "posts"   ORDER BY created_at DESC[0m
  Rendered posts/index.html.erb within layouts/application (1.8ms)
  [1m[35mUser Load (0.2ms)[0m  SELECT  "users".* FROM "users"  WHERE "users"."id" = 1  ORDER BY "users"."id" ASC LIMIT 1
Completed 200 OK in 169ms (Views: 167.1ms | ActiveRecord: 0.4ms)


Started GET "/" for 127.0.0.1 at 2017-01-18 21:16:41 +0530
Processing by PostsController#index as HTML
  [1m[36mPost Load (0.2ms)[0m  [1mSELECT "posts".* FROM "posts"   ORDER BY created_at DESC[0m
  Rendered posts/index.html.erb within layouts/application (1.4ms)
  [1m[35mUser Load (0.3ms)[0m  SELECT  "users".* FROM "users"  WHERE "users"."id" = 1  ORDER BY "users"."id" ASC LIMIT 1
Completed 200 OK in 192ms (Views: 190.8ms | ActiveRecord: 0.4ms)


Started GET "/posts/2" for 127.0.0.1 at 2017-01-19 12:29:00 +0530
Processing by PostsController#show as HTML
  Parameters: {"id"=>"2"}
  [1m[36mPost Load (1.7ms)[0m  [1mSELECT  "posts".* FROM "posts"  WHERE "posts"."id" = ? LIMIT 1[0m  [["id", 2]]
  [1m[35mUser Load (0.5ms)[0m  SELECT  "users".* FROM "users"  WHERE "users"."id" = 1  ORDER BY "users"."id" ASC LIMIT 1
  [1m[36m (0.3ms)[0m  [1mSELECT COUNT(*) FROM "comments"  WHERE "comments"."post_id" = ?[0m  [["post_id", 2]]
  [1m[35mComment Load (0.1ms)[0m  SELECT "comments".* FROM "comments"  WHERE "comments"."post_id" = ?  [["post_id", 2]]
  Rendered collection (0.0ms)
  Rendered comments/_form.html.erb (7.1ms)
  Rendered posts/show.html.erb within layouts/application (27.5ms)
Completed 200 OK in 164ms (Views: 142.0ms | ActiveRecord: 2.6ms)


Started GET "/assets/logo.svg" for 127.0.0.1 at 2017-01-19 12:29:00 +0530


Started GET "/posts/new" for 127.0.0.1 at 2017-01-19 12:29:05 +0530
Processing by PostsController#new as HTML
  [1m[36mUser Load (0.3ms)[0m  [1mSELECT  "users".* FROM "users"  WHERE "users"."id" = 1  ORDER BY "users"."id" ASC LIMIT 1[0m
  Rendered posts/_form.html.erb (4.2ms)
  Rendered posts/new.html.erb within layouts/application (6.9ms)
Completed 200 OK in 248ms (Views: 245.0ms | ActiveRecord: 0.3ms)


Started POST "/posts" for 127.0.0.1 at 2017-01-19 12:29:12 +0530
Processing by PostsController#create as HTML
  Parameters: {"utf8"=>"✓", "authenticity_token"=>"NIqH7PsYG77/a609+kESRROhfBV5BTeMiqGCWRM7A9Q=", "post"=>{"title"=>"", "body"=>""}, "commit"=>"Create Post"}
  [1m[35mUser Load (0.2ms)[0m  SELECT  "users".* FROM "users"  WHERE "users"."id" = 1  ORDER BY "users"."id" ASC LIMIT 1
  [1m[36m (0.2ms)[0m  [1mbegin transaction[0m
  [1m[35m (0.1ms)[0m  rollback transaction
  Rendered posts/_form.html.erb (4.1ms)
  Rendered posts/new.html.erb within layouts/application (5.3ms)
Completed 200 OK in 92ms (Views: 86.1ms | ActiveRecord: 0.5ms)


Started GET "/assets/_normalize.css?body=1" for 127.0.0.1 at 2017-01-19 12:29:12 +0530


Started GET "/assets/comments.css?body=1" for 127.0.0.1 at 2017-01-19 12:29:12 +0530


Started GET "/assets/pages.css?body=1" for 127.0.0.1 at 2017-01-19 12:29:12 +0530


Started GET "/assets/posts.css?body=1" for 127.0.0.1 at 2017-01-19 12:29:12 +0530


Started GET "/assets/application.css?body=1" for 127.0.0.1 at 2017-01-19 12:29:12 +0530


Started GET "/assets/jquery.js?body=1" for 127.0.0.1 at 2017-01-19 12:29:12 +0530


Started GET "/assets/jquery_ujs.js?body=1" for 127.0.0.1 at 2017-01-19 12:29:12 +0530


Started GET "/assets/turbolinks.js?body=1" for 127.0.0.1 at 2017-01-19 12:29:12 +0530


Started GET "/assets/comments.js?body=1" for 127.0.0.1 at 2017-01-19 12:29:12 +0530


Started GET "/assets/posts.js?body=1" for 127.0.0.1 at 2017-01-19 12:29:12 +0530


Started GET "/assets/application.js?body=1" for 127.0.0.1 at 2017-01-19 12:29:12 +0530


Started GET "/assets/pages.js?body=1" for 127.0.0.1 at 2017-01-19 12:29:12 +0530


Started POST "/posts" for 127.0.0.1 at 2017-01-19 12:29:22 +0530
Processing by PostsController#create as HTML
  Parameters: {"utf8"=>"✓", "authenticity_token"=>"NIqH7PsYG77/a609+kESRROhfBV5BTeMiqGCWRM7A9Q=", "post"=>{"title"=>"Hello", "body"=>"Hihugugu"}, "commit"=>"Create Post"}
  [1m[36mUser Load (0.3ms)[0m  [1mSELECT  "users".* FROM "users"  WHERE "users"."id" = 1  ORDER BY "users"."id" ASC LIMIT 1[0m
  [1m[35m (0.1ms)[0m  begin transaction
  [1m[36mSQL (0.6ms)[0m  [1mINSERT INTO "posts" ("body", "created_at", "title", "updated_at") VALUES (?, ?, ?, ?)[0m  [["body", "Hihugugu"], ["created_at", "2017-01-19 06:59:22.978073"], ["title", "Hello"], ["updated_at", "2017-01-19 06:59:22.978073"]]
  [1m[35m (1.0ms)[0m  commit transaction
Redirected to http://localhost:3000/posts/3
Completed 302 Found in 7ms (ActiveRecord: 1.9ms)


Started GET "/posts/3" for 127.0.0.1 at 2017-01-19 12:29:22 +0530
Processing by PostsController#show as HTML
  Parameters: {"id"=>"3"}
  [1m[36mPost Load (0.1ms)[0m  [1mSELECT  "posts".* FROM "posts"  WHERE "posts"."id" = ? LIMIT 1[0m  [["id", 3]]
  [1m[35mUser Load (0.2ms)[0m  SELECT  "users".* FROM "users"  WHERE "users"."id" = 1  ORDER BY "users"."id" ASC LIMIT 1
  [1m[36m (0.1ms)[0m  [1mSELECT COUNT(*) FROM "comments"  WHERE "comments"."post_id" = ?[0m  [["post_id", 3]]
  [1m[35mComment Load (0.1ms)[0m  SELECT "comments".* FROM "comments"  WHERE "comments"."post_id" = ?  [["post_id", 3]]
  Rendered collection (0.0ms)
  Rendered comments/_form.html.erb (2.6ms)
  Rendered posts/show.html.erb within layouts/application (8.9ms)
Completed 200 OK in 99ms (Views: 97.2ms | ActiveRecord: 0.5ms)


Started GET "/assets/jquery.js?body=1" for 127.0.0.1 at 2017-01-19 12:29:23 +0530


Started GET "/assets/application.css?body=1" for 127.0.0.1 at 2017-01-19 12:29:23 +0530


Started GET "/assets/jquery_ujs.js?body=1" for 127.0.0.1 at 2017-01-19 12:29:23 +0530


Started GET "/assets/turbolinks.js?body=1" for 127.0.0.1 at 2017-01-19 12:29:23 +0530


Started GET "/assets/comments.js?body=1" for 127.0.0.1 at 2017-01-19 12:29:23 +0530


Started GET "/assets/posts.js?body=1" for 127.0.0.1 at 2017-01-19 12:29:23 +0530


Started GET "/assets/application.js?body=1" for 127.0.0.1 at 2017-01-19 12:29:23 +0530


Started GET "/assets/favicon.ico" for 127.0.0.1 at 2017-01-19 12:29:23 +0530


Started GET "/" for 127.0.0.1 at 2017-01-19 12:29:25 +0530
Processing by PostsController#index as HTML
  [1m[36mPost Load (0.2ms)[0m  [1mSELECT "posts".* FROM "posts"   ORDER BY created_at DESC[0m
  Rendered posts/index.html.erb within layouts/application (2.1ms)
  [1m[35mUser Load (0.3ms)[0m  SELECT  "users".* FROM "users"  WHERE "users"."id" = 1  ORDER BY "users"."id" ASC LIMIT 1
Completed 200 OK in 174ms (Views: 172.7ms | ActiveRecord: 0.5ms)


Started GET "/posts/2" for 127.0.0.1 at 2017-01-19 12:29:27 +0530
Processing by PostsController#show as HTML
  Parameters: {"id"=>"2"}
  [1m[36mPost Load (0.1ms)[0m  [1mSELECT  "posts".* FROM "posts"  WHERE "posts"."id" = ? LIMIT 1[0m  [["id", 2]]
  [1m[35mUser Load (0.2ms)[0m  SELECT  "users".* FROM "users"  WHERE "users"."id" = 1  ORDER BY "users"."id" ASC LIMIT 1
  [1m[36m (0.2ms)[0m  [1mSELECT COUNT(*) FROM "comments"  WHERE "comments"."post_id" = ?[0m  [["post_id", 2]]
  [1m[35mComment Load (0.1ms)[0m  SELECT "comments".* FROM "comments"  WHERE "comments"."post_id" = ?  [["post_id", 2]]
  Rendered collection (0.0ms)
  Rendered comments/_form.html.erb (4.0ms)
  Rendered posts/show.html.erb within layouts/application (13.4ms)
Completed 200 OK in 169ms (Views: 167.1ms | ActiveRecord: 0.6ms)


Started DELETE "/posts/2" for 127.0.0.1 at 2017-01-19 12:29:31 +0530
Processing by PostsController#destroy as HTML
  Parameters: {"authenticity_token"=>"NIqH7PsYG77/a609+kESRROhfBV5BTeMiqGCWRM7A9Q=", "id"=>"2"}
  [1m[36mUser Load (0.2ms)[0m  [1mSELECT  "users".* FROM "users"  WHERE "users"."id" = 1  ORDER BY "users"."id" ASC LIMIT 1[0m
  [1m[35mPost Load (0.1ms)[0m  SELECT  "posts".* FROM "posts"  WHERE "posts"."id" = ? LIMIT 1  [["id", 2]]
  [1m[36m (0.1ms)[0m  [1mbegin transaction[0m
  [1m[35mComment Load (0.1ms)[0m  SELECT "comments".* FROM "comments"  WHERE "comments"."post_id" = ?  [["post_id", 2]]
  [1m[36mSQL (0.4ms)[0m  [1mDELETE FROM "posts" WHERE "posts"."id" = ?[0m  [["id", 2]]
  [1m[35m (3.6ms)[0m  commit transaction
Redirected to http://localhost:3000/posts
Completed 302 Found in 10ms (ActiveRecord: 4.5ms)


Started GET "/posts" for 127.0.0.1 at 2017-01-19 12:29:31 +0530
Processing by PostsController#index as HTML
  [1m[36mPost Load (0.2ms)[0m  [1mSELECT "posts".* FROM "posts"   ORDER BY created_at DESC[0m
  Rendered posts/index.html.erb within layouts/application (1.7ms)
  [1m[35mUser Load (0.2ms)[0m  SELECT  "users".* FROM "users"  WHERE "users"."id" = 1  ORDER BY "users"."id" ASC LIMIT 1
Completed 200 OK in 96ms (Views: 95.2ms | ActiveRecord: 0.4ms)


Started GET "/assets/jquery.js?body=1" for 127.0.0.1 at 2017-01-19 12:29:31 +0530


Started GET "/assets/application.css?body=1" for 127.0.0.1 at 2017-01-19 12:29:31 +0530


Started GET "/assets/jquery_ujs.js?body=1" for 127.0.0.1 at 2017-01-19 12:29:31 +0530


Started GET "/assets/turbolinks.js?body=1" for 127.0.0.1 at 2017-01-19 12:29:31 +0530


Started GET "/assets/comments.js?body=1" for 127.0.0.1 at 2017-01-19 12:29:31 +0530


Started GET "/assets/posts.js?body=1" for 127.0.0.1 at 2017-01-19 12:29:31 +0530


Started GET "/assets/application.js?body=1" for 127.0.0.1 at 2017-01-19 12:29:31 +0530


Started GET "/posts/3" for 127.0.0.1 at 2017-01-19 12:29:33 +0530
Processing by PostsController#show as HTML
  Parameters: {"id"=>"3"}
  [1m[36mPost Load (0.1ms)[0m  [1mSELECT  "posts".* FROM "posts"  WHERE "posts"."id" = ? LIMIT 1[0m  [["id", 3]]
  [1m[35mUser Load (0.2ms)[0m  SELECT  "users".* FROM "users"  WHERE "users"."id" = 1  ORDER BY "users"."id" ASC LIMIT 1
  [1m[36m (0.1ms)[0m  [1mSELECT COUNT(*) FROM "comments"  WHERE "comments"."post_id" = ?[0m  [["post_id", 3]]
  [1m[35mComment Load (0.1ms)[0m  SELECT "comments".* FROM "comments"  WHERE "comments"."post_id" = ?  [["post_id", 3]]
  Rendered collection (0.0ms)
  Rendered comments/_form.html.erb (3.1ms)
  Rendered posts/show.html.erb within layouts/application (8.5ms)
Completed 200 OK in 191ms (Views: 189.3ms | ActiveRecord: 0.6ms)


Started DELETE "/posts/3" for 127.0.0.1 at 2017-01-19 12:29:35 +0530
Processing by PostsController#destroy as HTML
  Parameters: {"authenticity_token"=>"NIqH7PsYG77/a609+kESRROhfBV5BTeMiqGCWRM7A9Q=", "id"=>"3"}
  [1m[36mUser Load (0.2ms)[0m  [1mSELECT  "users".* FROM "users"  WHERE "users"."id" = 1  ORDER BY "users"."id" ASC LIMIT 1[0m
  [1m[35mPost Load (0.1ms)[0m  SELECT  "posts".* FROM "posts"  WHERE "posts"."id" = ? LIMIT 1  [["id", 3]]
  [1m[36m (0.1ms)[0m  [1mbegin transaction[0m
  [1m[35mComment Load (0.1ms)[0m  SELECT "comments".* FROM "comments"  WHERE "comments"."post_id" = ?  [["post_id", 3]]
  [1m[36mSQL (0.3ms)[0m  [1mDELETE FROM "posts" WHERE "posts"."id" = ?[0m  [["id", 3]]
  [1m[35m (3.5ms)[0m  commit transaction
Redirected to http://localhost:3000/posts
Completed 302 Found in 8ms (ActiveRecord: 4.2ms)


Started GET "/posts" for 127.0.0.1 at 2017-01-19 12:29:36 +0530
Processing by PostsController#index as HTML
  [1m[36mPost Load (0.2ms)[0m  [1mSELECT "posts".* FROM "posts"   ORDER BY created_at DESC[0m
  Rendered posts/index.html.erb within layouts/application (1.1ms)
  [1m[35mUser Load (0.2ms)[0m  SELECT  "users".* FROM "users"  WHERE "users"."id" = 1  ORDER BY "users"."id" ASC LIMIT 1
Completed 200 OK in 83ms (Views: 81.7ms | ActiveRecord: 0.4ms)


Started GET "/assets/application.css?body=1" for 127.0.0.1 at 2017-01-19 12:29:36 +0530


Started GET "/assets/jquery.js?body=1" for 127.0.0.1 at 2017-01-19 12:29:36 +0530


Started GET "/assets/posts.js?body=1" for 127.0.0.1 at 2017-01-19 12:29:36 +0530


Started GET "/assets/application.js?body=1" for 127.0.0.1 at 2017-01-19 12:29:36 +0530


Started GET "/assets/comments.js?body=1" for 127.0.0.1 at 2017-01-19 12:29:36 +0530


Started GET "/assets/turbolinks.js?body=1" for 127.0.0.1 at 2017-01-19 12:29:36 +0530


Started GET "/assets/jquery_ujs.js?body=1" for 127.0.0.1 at 2017-01-19 12:29:36 +0530


Started GET "/" for 127.0.0.1 at 2017-01-19 12:50:06 +0530
Processing by PostsController#index as HTML
  [1m[36mPost Load (0.3ms)[0m  [1mSELECT "posts".* FROM "posts"   ORDER BY created_at DESC[0m
  Rendered posts/index.html.erb within layouts/application (1.5ms)
  [1m[35mUser Load (0.3ms)[0m  SELECT  "users".* FROM "users"  WHERE "users"."id" = 1  ORDER BY "users"."id" ASC LIMIT 1
Completed 200 OK in 124ms (Views: 122.7ms | ActiveRecord: 0.5ms)


Started GET "/" for 127.0.0.1 at 2017-01-19 18:31:39 +0530
  [1m[36mActiveRecord::SchemaMigration Load (0.4ms)[0m  [1mSELECT "schema_migrations".* FROM "schema_migrations"[0m
Processing by PostsController#index as HTML
  [1m[35mPost Load (0.4ms)[0m  SELECT "posts".* FROM "posts"   ORDER BY created_at DESC
  Rendered posts/index.html.erb within layouts/application (6.7ms)
Completed 200 OK in 167ms (Views: 150.0ms | ActiveRecord: 0.7ms)


Started GET "/assets/_normalize.css?body=1" for 127.0.0.1 at 2017-01-19 18:31:40 +0530


Started GET "/assets/posts.css?body=1" for 127.0.0.1 at 2017-01-19 18:31:40 +0530


Started GET "/assets/pages.css?body=1" for 127.0.0.1 at 2017-01-19 18:31:40 +0530


Started GET "/assets/comments.css?body=1" for 127.0.0.1 at 2017-01-19 18:31:40 +0530


Started GET "/assets/application.css?body=1" for 127.0.0.1 at 2017-01-19 18:31:40 +0530


Started GET "/assets/jquery_ujs.js?body=1" for 127.0.0.1 at 2017-01-19 18:31:40 +0530


Started GET "/assets/turbolinks.js?body=1" for 127.0.0.1 at 2017-01-19 18:31:40 +0530


Started GET "/assets/jquery.js?body=1" for 127.0.0.1 at 2017-01-19 18:31:40 +0530


Started GET "/assets/comments.js?body=1" for 127.0.0.1 at 2017-01-19 18:31:40 +0530


Started GET "/assets/pages.js?body=1" for 127.0.0.1 at 2017-01-19 18:31:40 +0530


Started GET "/assets/posts.js?body=1" for 127.0.0.1 at 2017-01-19 18:31:40 +0530


Started GET "/assets/application.js?body=1" for 127.0.0.1 at 2017-01-19 18:31:40 +0530


Started GET "/assets/logo.svg" for 127.0.0.1 at 2017-01-19 18:31:40 +0530


Started GET "/assets/favicon.ico" for 127.0.0.1 at 2017-01-19 18:31:41 +0530


Started GET "/posts/1" for 127.0.0.1 at 2017-01-19 18:31:43 +0530
Processing by PostsController#show as HTML
  Parameters: {"id"=>"1"}
  [1m[36mPost Load (0.2ms)[0m  [1mSELECT  "posts".* FROM "posts"  WHERE "posts"."id" = ? LIMIT 1[0m  [["id", 1]]
  [1m[35m (2.2ms)[0m  SELECT COUNT(*) FROM "comments"  WHERE "comments"."post_id" = ?  [["post_id", 1]]
  [1m[36mComment Load (0.2ms)[0m  [1mSELECT "comments".* FROM "comments"  WHERE "comments"."post_id" = ?[0m  [["post_id", 1]]
  Rendered collection (0.0ms)
  Rendered comments/_form.html.erb (51.5ms)
  Rendered posts/show.html.erb within layouts/application (170.7ms)
Completed 200 OK in 263ms (Views: 257.1ms | ActiveRecord: 3.3ms)


Started GET "/" for 127.0.0.1 at 2017-01-19 18:31:46 +0530
Processing by PostsController#index as HTML
  [1m[35mPost Load (0.2ms)[0m  SELECT "posts".* FROM "posts"   ORDER BY created_at DESC
  Rendered posts/index.html.erb within layouts/application (1.6ms)
Completed 200 OK in 168ms (Views: 166.9ms | ActiveRecord: 0.2ms)


Started GET "/users/sign_in" for 127.0.0.1 at 2017-01-19 18:31:49 +0530
Processing by Devise::SessionsController#new as HTML
  Rendered devise/shared/_links.erb (3.7ms)
  Rendered devise/sessions/new.html.erb within layouts/application (16.6ms)
Completed 200 OK in 171ms (Views: 122.7ms | ActiveRecord: 5.8ms)


Started POST "/users/sign_in" for 127.0.0.1 at 2017-01-19 18:32:08 +0530
Processing by Devise::SessionsController#create as HTML
  Parameters: {"utf8"=>"✓", "authenticity_token"=>"cI/yvpE2O8WO7Wmiig9/GaoUmYfi0/6Dtd65s2+LG+Q=", "user"=>{"email"=>"yogeshnogia@gmail.com", "password"=>"[FILTERED]", "remember_me"=>"0"}, "commit"=>"Log in"}
  [1m[36mUser Load (0.7ms)[0m  [1mSELECT  "users".* FROM "users"  WHERE "users"."email" = 'yogeshnogia@gmail.com'  ORDER BY "users"."id" ASC LIMIT 1[0m
Completed 401 Unauthorized in 85ms
Processing by Devise::SessionsController#new as HTML
  Parameters: {"utf8"=>"✓", "authenticity_token"=>"cI/yvpE2O8WO7Wmiig9/GaoUmYfi0/6Dtd65s2+LG+Q=", "user"=>{"email"=>"yogeshnogia@gmail.com", "password"=>"[FILTERED]", "remember_me"=>"0"}, "commit"=>"Log in"}
  Rendered devise/shared/_links.erb (0.3ms)
  Rendered devise/sessions/new.html.erb within layouts/application (3.5ms)
Completed 200 OK in 159ms (Views: 81.0ms | ActiveRecord: 0.0ms)


Started GET "/assets/_normalize.css?body=1" for 127.0.0.1 at 2017-01-19 18:32:09 +0530


Started GET "/assets/comments.css?body=1" for 127.0.0.1 at 2017-01-19 18:32:09 +0530


Started GET "/assets/posts.css?body=1" for 127.0.0.1 at 2017-01-19 18:32:09 +0530


Started GET "/assets/jquery.js?body=1" for 127.0.0.1 at 2017-01-19 18:32:09 +0530


Started GET "/assets/application.css?body=1" for 127.0.0.1 at 2017-01-19 18:32:09 +0530


Started GET "/assets/pages.css?body=1" for 127.0.0.1 at 2017-01-19 18:32:09 +0530


Started GET "/assets/turbolinks.js?body=1" for 127.0.0.1 at 2017-01-19 18:32:09 +0530


Started GET "/assets/jquery_ujs.js?body=1" for 127.0.0.1 at 2017-01-19 18:32:09 +0530


Started GET "/assets/comments.js?body=1" for 127.0.0.1 at 2017-01-19 18:32:09 +0530


Started GET "/assets/pages.js?body=1" for 127.0.0.1 at 2017-01-19 18:32:09 +0530


Started GET "/assets/posts.js?body=1" for 127.0.0.1 at 2017-01-19 18:32:09 +0530


Started GET "/assets/application.js?body=1" for 127.0.0.1 at 2017-01-19 18:32:09 +0530


Started GET "/assets/logo.svg" for 127.0.0.1 at 2017-01-19 18:32:09 +0530


Started POST "/users/sign_in" for 127.0.0.1 at 2017-01-19 18:32:13 +0530
Processing by Devise::SessionsController#create as HTML
  Parameters: {"utf8"=>"✓", "authenticity_token"=>"cI/yvpE2O8WO7Wmiig9/GaoUmYfi0/6Dtd65s2+LG+Q=", "user"=>{"email"=>"yogeshnogia@gmail.com", "password"=>"[FILTERED]", "remember_me"=>"0"}, "commit"=>"Log in"}
  [1m[35mUser Load (0.2ms)[0m  SELECT  "users".* FROM "users"  WHERE "users"."email" = 'yogeshnogia@gmail.com'  ORDER BY "users"."id" ASC LIMIT 1
  [1m[36m (0.1ms)[0m  [1mbegin transaction[0m
  [1m[35mSQL (0.4ms)[0m  UPDATE "users" SET "current_sign_in_at" = ?, "sign_in_count" = ?, "updated_at" = ? WHERE "users"."id" = 1  [["current_sign_in_at", "2017-01-19 13:02:13.105565"], ["sign_in_count", 2], ["updated_at", "2017-01-19 13:02:13.106653"]]
  [1m[36m (3.7ms)[0m  [1mcommit transaction[0m
Redirected to http://localhost:3000/
Completed 302 Found in 95ms (ActiveRecord: 4.4ms)


Started GET "/" for 127.0.0.1 at 2017-01-19 18:32:13 +0530
Processing by PostsController#index as HTML
  [1m[35mPost Load (0.3ms)[0m  SELECT "posts".* FROM "posts"   ORDER BY created_at DESC
  Rendered posts/index.html.erb within layouts/application (1.7ms)
  [1m[36mUser Load (0.3ms)[0m  [1mSELECT  "users".* FROM "users"  WHERE "users"."id" = 1  ORDER BY "users"."id" ASC LIMIT 1[0m
Completed 200 OK in 81ms (Views: 79.2ms | ActiveRecord: 0.6ms)


Started GET "/assets/comments.css?body=1" for 127.0.0.1 at 2017-01-19 18:32:13 +0530


Started GET "/assets/pages.css?body=1" for 127.0.0.1 at 2017-01-19 18:32:13 +0530


Started GET "/assets/posts.css?body=1" for 127.0.0.1 at 2017-01-19 18:32:13 +0530


Started GET "/assets/application.css?body=1" for 127.0.0.1 at 2017-01-19 18:32:13 +0530


Started GET "/assets/jquery.js?body=1" for 127.0.0.1 at 2017-01-19 18:32:13 +0530


Started GET "/assets/_normalize.css?body=1" for 127.0.0.1 at 2017-01-19 18:32:13 +0530


Started GET "/assets/jquery_ujs.js?body=1" for 127.0.0.1 at 2017-01-19 18:32:13 +0530


Started GET "/assets/turbolinks.js?body=1" for 127.0.0.1 at 2017-01-19 18:32:13 +0530


Started GET "/assets/comments.js?body=1" for 127.0.0.1 at 2017-01-19 18:32:13 +0530


Started GET "/assets/pages.js?body=1" for 127.0.0.1 at 2017-01-19 18:32:13 +0530


Started GET "/assets/posts.js?body=1" for 127.0.0.1 at 2017-01-19 18:32:13 +0530


Started GET "/assets/application.js?body=1" for 127.0.0.1 at 2017-01-19 18:32:13 +0530


Started GET "/assets/logo.svg" for 127.0.0.1 at 2017-01-19 18:32:13 +0530


Started GET "/posts/1" for 127.0.0.1 at 2017-01-19 18:32:15 +0530
Processing by PostsController#show as HTML
  Parameters: {"id"=>"1"}
  [1m[35mPost Load (0.1ms)[0m  SELECT  "posts".* FROM "posts"  WHERE "posts"."id" = ? LIMIT 1  [["id", 1]]
  [1m[36mUser Load (0.2ms)[0m  [1mSELECT  "users".* FROM "users"  WHERE "users"."id" = 1  ORDER BY "users"."id" ASC LIMIT 1[0m
  [1m[35m (0.2ms)[0m  SELECT COUNT(*) FROM "comments"  WHERE "comments"."post_id" = ?  [["post_id", 1]]
  [1m[36mComment Load (0.2ms)[0m  [1mSELECT "comments".* FROM "comments"  WHERE "comments"."post_id" = ?[0m  [["post_id", 1]]
  Rendered collection (0.0ms)
  Rendered comments/_form.html.erb (4.2ms)
  Rendered posts/show.html.erb within layouts/application (19.4ms)
Completed 200 OK in 170ms (Views: 167.7ms | ActiveRecord: 0.7ms)


Started GET "/" for 127.0.0.1 at 2017-01-19 18:32:18 +0530
Processing by PostsController#index as HTML
  [1m[35mPost Load (0.2ms)[0m  SELECT "posts".* FROM "posts"   ORDER BY created_at DESC
  Rendered posts/index.html.erb within layouts/application (1.6ms)
  [1m[36mUser Load (0.2ms)[0m  [1mSELECT  "users".* FROM "users"  WHERE "users"."id" = 1  ORDER BY "users"."id" ASC LIMIT 1[0m
Completed 200 OK in 170ms (Views: 169.2ms | ActiveRecord: 0.4ms)


Started GET "/pets" for 127.0.0.1 at 2017-01-20 11:44:44 +0530
  [1m[36mActiveRecord::SchemaMigration Load (0.2ms)[0m  [1mSELECT "schema_migrations".* FROM "schema_migrations"[0m

ActionController::RoutingError (No route matches [GET] "/pets"):
  actionpack (4.1.5) lib/action_dispatch/middleware/debug_exceptions.rb:21:in `call'
  actionpack (4.1.5) lib/action_dispatch/middleware/show_exceptions.rb:30:in `call'
  railties (4.1.5) lib/rails/rack/logger.rb:38:in `call_app'
  railties (4.1.5) lib/rails/rack/logger.rb:20:in `block in call'
  activesupport (4.1.5) lib/active_support/tagged_logging.rb:68:in `block in tagged'
  activesupport (4.1.5) lib/active_support/tagged_logging.rb:26:in `tagged'
  activesupport (4.1.5) lib/active_support/tagged_logging.rb:68:in `tagged'
  railties (4.1.5) lib/rails/rack/logger.rb:20:in `call'
  actionpack (4.1.5) lib/action_dispatch/middleware/request_id.rb:21:in `call'
  rack (1.5.5) lib/rack/methodoverride.rb:21:in `call'
  rack (1.5.5) lib/rack/runtime.rb:17:in `call'
  activesupport (4.1.5) lib/active_support/cache/strategy/local_cache_middleware.rb:26:in `call'
  rack (1.5.5) lib/rack/lock.rb:17:in `call'
  actionpack (4.1.5) lib/action_dispatch/middleware/static.rb:64:in `call'
  rack (1.5.5) lib/rack/sendfile.rb:112:in `call'
  railties (4.1.5) lib/rails/engine.rb:514:in `call'
  railties (4.1.5) lib/rails/application.rb:144:in `call'
  rack (1.5.5) lib/rack/lock.rb:17:in `call'
  rack (1.5.5) lib/rack/content_length.rb:14:in `call'
  rack (1.5.5) lib/rack/handler/webrick.rb:60:in `service'
  /Users/yogeshnogia/.rbenv/versions/2.3.1/lib/ruby/2.3.0/webrick/httpserver.rb:140:in `service'
  /Users/yogeshnogia/.rbenv/versions/2.3.1/lib/ruby/2.3.0/webrick/httpserver.rb:96:in `run'
  /Users/yogeshnogia/.rbenv/versions/2.3.1/lib/ruby/2.3.0/webrick/server.rb:296:in `block in start_thread'


  Rendered /Users/yogeshnogia/.rbenv/versions/2.3.1/lib/ruby/gems/2.3.0/gems/actionpack-4.1.5/lib/action_dispatch/middleware/templates/rescues/_trace.html.erb (1.4ms)
  Rendered /Users/yogeshnogia/.rbenv/versions/2.3.1/lib/ruby/gems/2.3.0/gems/actionpack-4.1.5/lib/action_dispatch/middleware/templates/routes/_route.html.erb (6.2ms)
  Rendered /Users/yogeshnogia/.rbenv/versions/2.3.1/lib/ruby/gems/2.3.0/gems/actionpack-4.1.5/lib/action_dispatch/middleware/templates/routes/_table.html.erb (13.5ms)
  Rendered /Users/yogeshnogia/.rbenv/versions/2.3.1/lib/ruby/gems/2.3.0/gems/actionpack-4.1.5/lib/action_dispatch/middleware/templates/rescues/routing_error.html.erb within rescues/layout (103.7ms)


Started GET "/" for 127.0.0.1 at 2017-01-20 11:44:46 +0530
Processing by PostsController#index as HTML
  [1m[35mPost Load (0.2ms)[0m  SELECT "posts".* FROM "posts"   ORDER BY created_at DESC
  Rendered posts/index.html.erb within layouts/application (7.7ms)
  [1m[36mUser Load (0.2ms)[0m  [1mSELECT  "users".* FROM "users"  WHERE "users"."id" = 1  ORDER BY "users"."id" ASC LIMIT 1[0m
Completed 200 OK in 175ms (Views: 146.4ms | ActiveRecord: 1.3ms)


Started GET "/assets/_normalize.css?body=1" for 127.0.0.1 at 2017-01-20 11:44:46 +0530


Started GET "/assets/turbolinks.js?body=1" for 127.0.0.1 at 2017-01-20 11:44:46 +0530


Started GET "/assets/posts.css?body=1" for 127.0.0.1 at 2017-01-20 11:44:46 +0530


Started GET "/assets/application.css?body=1" for 127.0.0.1 at 2017-01-20 11:44:46 +0530


Started GET "/assets/jquery.js?body=1" for 127.0.0.1 at 2017-01-20 11:44:46 +0530


Started GET "/assets/comments.css?body=1" for 127.0.0.1 at 2017-01-20 11:44:46 +0530


Started GET "/assets/pages.css?body=1" for 127.0.0.1 at 2017-01-20 11:44:46 +0530


Started GET "/assets/jquery_ujs.js?body=1" for 127.0.0.1 at 2017-01-20 11:44:46 +0530


Started GET "/assets/comments.js?body=1" for 127.0.0.1 at 2017-01-20 11:44:46 +0530


Started GET "/assets/posts.js?body=1" for 127.0.0.1 at 2017-01-20 11:44:46 +0530


Started GET "/assets/pages.js?body=1" for 127.0.0.1 at 2017-01-20 11:44:46 +0530


Started GET "/assets/application.js?body=1" for 127.0.0.1 at 2017-01-20 11:44:46 +0530


Started GET "/assets/logo.svg" for 127.0.0.1 at 2017-01-20 11:44:46 +0530


Started GET "/assets/favicon.ico" for 127.0.0.1 at 2017-01-20 11:44:47 +0530


Started GET "/" for 127.0.0.1 at 2017-01-20 11:44:50 +0530
Processing by PostsController#index as HTML
  [1m[35mPost Load (0.2ms)[0m  SELECT "posts".* FROM "posts"   ORDER BY created_at DESC
  Rendered posts/index.html.erb within layouts/application (1.7ms)
  [1m[36mUser Load (0.4ms)[0m  [1mSELECT  "users".* FROM "users"  WHERE "users"."id" = 1  ORDER BY "users"."id" ASC LIMIT 1[0m
Completed 200 OK in 154ms (Views: 152.9ms | ActiveRecord: 0.7ms)


Started GET "/about" for 127.0.0.1 at 2017-01-20 11:44:51 +0530
Processing by PagesController#about as HTML
  Rendered pages/about.html.erb within layouts/application (0.5ms)
  [1m[35mUser Load (0.3ms)[0m  SELECT  "users".* FROM "users"  WHERE "users"."id" = 1  ORDER BY "users"."id" ASC LIMIT 1
Completed 200 OK in 178ms (Views: 176.8ms | ActiveRecord: 0.3ms)


Started GET "/about" for 127.0.0.1 at 2017-01-20 11:46:19 +0530
Processing by PagesController#about as HTML
  Rendered pages/about.html.erb within layouts/application (0.1ms)
  [1m[36mUser Load (0.3ms)[0m  [1mSELECT  "users".* FROM "users"  WHERE "users"."id" = 1  ORDER BY "users"."id" ASC LIMIT 1[0m
Completed 200 OK in 101ms (Views: 99.8ms | ActiveRecord: 0.3ms)


Started GET "/assets/_normalize.css?body=1" for 127.0.0.1 at 2017-01-20 11:46:20 +0530


Started GET "/assets/comments.css?body=1" for 127.0.0.1 at 2017-01-20 11:46:20 +0530


Started GET "/assets/pages.css?body=1" for 127.0.0.1 at 2017-01-20 11:46:20 +0530


Started GET "/assets/turbolinks.js?body=1" for 127.0.0.1 at 2017-01-20 11:46:20 +0530


Started GET "/assets/posts.css?body=1" for 127.0.0.1 at 2017-01-20 11:46:20 +0530


Started GET "/assets/comments.js?body=1" for 127.0.0.1 at 2017-01-20 11:46:20 +0530


Started GET "/assets/application.css?body=1" for 127.0.0.1 at 2017-01-20 11:46:20 +0530


Started GET "/assets/jquery.js?body=1" for 127.0.0.1 at 2017-01-20 11:46:20 +0530


Started GET "/assets/jquery_ujs.js?body=1" for 127.0.0.1 at 2017-01-20 11:46:20 +0530


Started GET "/assets/pages.js?body=1" for 127.0.0.1 at 2017-01-20 11:46:20 +0530


Started GET "/assets/posts.js?body=1" for 127.0.0.1 at 2017-01-20 11:46:20 +0530


Started GET "/assets/application.js?body=1" for 127.0.0.1 at 2017-01-20 11:46:20 +0530


Started GET "/assets/logo.svg" for 127.0.0.1 at 2017-01-20 11:46:20 +0530


Started GET "/assets/favicon.ico" for 127.0.0.1 at 2017-01-20 11:46:21 +0530


Started GET "/about" for 127.0.0.1 at 2017-01-20 11:46:31 +0530
Processing by PagesController#about as HTML
  Rendered pages/about.html.erb within layouts/application (0.2ms)
  [1m[35mUser Load (0.2ms)[0m  SELECT  "users".* FROM "users"  WHERE "users"."id" = 1  ORDER BY "users"."id" ASC LIMIT 1
Completed 200 OK in 84ms (Views: 83.3ms | ActiveRecord: 0.2ms)


Started GET "/assets/_normalize.css?body=1" for 127.0.0.1 at 2017-01-20 11:46:32 +0530


Started GET "/assets/pages.css?body=1" for 127.0.0.1 at 2017-01-20 11:46:32 +0530


Started GET "/assets/posts.css?body=1" for 127.0.0.1 at 2017-01-20 11:46:32 +0530


Started GET "/assets/turbolinks.js?body=1" for 127.0.0.1 at 2017-01-20 11:46:32 +0530


Started GET "/assets/comments.css?body=1" for 127.0.0.1 at 2017-01-20 11:46:32 +0530


Started GET "/assets/application.css?body=1" for 127.0.0.1 at 2017-01-20 11:46:32 +0530


Started GET "/assets/jquery.js?body=1" for 127.0.0.1 at 2017-01-20 11:46:32 +0530


Started GET "/assets/jquery_ujs.js?body=1" for 127.0.0.1 at 2017-01-20 11:46:32 +0530


Started GET "/assets/comments.js?body=1" for 127.0.0.1 at 2017-01-20 11:46:32 +0530


Started GET "/assets/pages.js?body=1" for 127.0.0.1 at 2017-01-20 11:46:32 +0530


Started GET "/assets/posts.js?body=1" for 127.0.0.1 at 2017-01-20 11:46:32 +0530


Started GET "/assets/application.js?body=1" for 127.0.0.1 at 2017-01-20 11:46:32 +0530


Started GET "/assets/logo.svg" for 127.0.0.1 at 2017-01-20 11:46:32 +0530


Started GET "/assets/favicon.ico" for 127.0.0.1 at 2017-01-20 11:46:32 +0530


Started GET "/" for 127.0.0.1 at 2017-01-20 11:46:34 +0530
Processing by PostsController#index as HTML
  [1m[36mPost Load (0.4ms)[0m  [1mSELECT "posts".* FROM "posts"   ORDER BY created_at DESC[0m
  Rendered posts/index.html.erb within layouts/application (1.5ms)
  [1m[35mUser Load (0.3ms)[0m  SELECT  "users".* FROM "users"  WHERE "users"."id" = 1  ORDER BY "users"."id" ASC LIMIT 1
Completed 200 OK in 136ms (Views: 134.9ms | ActiveRecord: 0.7ms)


Started GET "/posts/1" for 127.0.0.1 at 2017-01-20 11:46:37 +0530
Processing by PostsController#show as HTML
  Parameters: {"id"=>"1"}
  [1m[36mPost Load (0.4ms)[0m  [1mSELECT  "posts".* FROM "posts"  WHERE "posts"."id" = ? LIMIT 1[0m  [["id", 1]]
  [1m[35mUser Load (0.3ms)[0m  SELECT  "users".* FROM "users"  WHERE "users"."id" = 1  ORDER BY "users"."id" ASC LIMIT 1
  [1m[36m (0.3ms)[0m  [1mSELECT COUNT(*) FROM "comments"  WHERE "comments"."post_id" = ?[0m  [["post_id", 1]]
  [1m[35mComment Load (0.2ms)[0m  SELECT "comments".* FROM "comments"  WHERE "comments"."post_id" = ?  [["post_id", 1]]
  Rendered collection (0.0ms)
  Rendered comments/_form.html.erb (23.0ms)
  Rendered posts/show.html.erb within layouts/application (97.0ms)
Completed 200 OK in 214ms (Views: 210.1ms | ActiveRecord: 1.9ms)


Started GET "/posts/new" for 127.0.0.1 at 2017-01-20 11:46:44 +0530
Processing by PostsController#new as HTML
  [1m[36mUser Load (0.2ms)[0m  [1mSELECT  "users".* FROM "users"  WHERE "users"."id" = 1  ORDER BY "users"."id" ASC LIMIT 1[0m
  Rendered posts/_form.html.erb (5.2ms)
  Rendered posts/new.html.erb within layouts/application (8.8ms)
Completed 200 OK in 148ms (Views: 141.6ms | ActiveRecord: 0.2ms)


Started GET "/" for 127.0.0.1 at 2017-01-20 11:46:46 +0530
Processing by PostsController#index as HTML
  [1m[35mPost Load (0.2ms)[0m  SELECT "posts".* FROM "posts"   ORDER BY created_at DESC
  Rendered posts/index.html.erb within layouts/application (1.6ms)
  [1m[36mUser Load (0.4ms)[0m  [1mSELECT  "users".* FROM "users"  WHERE "users"."id" = 1  ORDER BY "users"."id" ASC LIMIT 1[0m
Completed 200 OK in 171ms (Views: 169.7ms | ActiveRecord: 0.6ms)


Started GET "/" for 127.0.0.1 at 2017-01-20 11:46:57 +0530
Processing by PostsController#index as HTML
  [1m[35mPost Load (0.2ms)[0m  SELECT "posts".* FROM "posts"   ORDER BY created_at DESC
  Rendered posts/index.html.erb within layouts/application (0.9ms)
Completed 200 OK in 81ms (Views: 80.9ms | ActiveRecord: 0.2ms)


Started GET "/assets/_normalize.css?body=1" for 127.0.0.1 at 2017-01-20 11:46:58 +0530


Started GET "/assets/comments.css?body=1" for 127.0.0.1 at 2017-01-20 11:46:58 +0530


Started GET "/assets/pages.css?body=1" for 127.0.0.1 at 2017-01-20 11:46:58 +0530


Started GET "/assets/jquery_ujs.js?body=1" for 127.0.0.1 at 2017-01-20 11:46:58 +0530


Started GET "/assets/posts.css?body=1" for 127.0.0.1 at 2017-01-20 11:46:58 +0530


Started GET "/assets/application.css?body=1" for 127.0.0.1 at 2017-01-20 11:46:58 +0530


Started GET "/assets/jquery.js?body=1" for 127.0.0.1 at 2017-01-20 11:46:58 +0530


Started GET "/assets/turbolinks.js?body=1" for 127.0.0.1 at 2017-01-20 11:46:58 +0530


Started GET "/assets/comments.js?body=1" for 127.0.0.1 at 2017-01-20 11:46:58 +0530


Started GET "/assets/pages.js?body=1" for 127.0.0.1 at 2017-01-20 11:46:58 +0530


Started GET "/assets/posts.js?body=1" for 127.0.0.1 at 2017-01-20 11:46:58 +0530


Started GET "/assets/application.js?body=1" for 127.0.0.1 at 2017-01-20 11:46:58 +0530


Started GET "/assets/logo.svg" for 127.0.0.1 at 2017-01-20 11:46:58 +0530


Started GET "/posts/1" for 127.0.0.1 at 2017-01-20 11:47:06 +0530
Processing by PostsController#show as HTML
  Parameters: {"id"=>"1"}
  [1m[36mPost Load (0.1ms)[0m  [1mSELECT  "posts".* FROM "posts"  WHERE "posts"."id" = ? LIMIT 1[0m  [["id", 1]]
  [1m[35mUser Load (0.3ms)[0m  SELECT  "users".* FROM "users"  WHERE "users"."id" = 1  ORDER BY "users"."id" ASC LIMIT 1
  [1m[36m (0.2ms)[0m  [1mSELECT COUNT(*) FROM "comments"  WHERE "comments"."post_id" = ?[0m  [["post_id", 1]]
  [1m[35mComment Load (0.1ms)[0m  SELECT "comments".* FROM "comments"  WHERE "comments"."post_id" = ?  [["post_id", 1]]
  Rendered collection (0.0ms)
  Rendered comments/_form.html.erb (2.8ms)
  Rendered posts/show.html.erb within layouts/application (9.6ms)
Completed 200 OK in 200ms (Views: 197.5ms | ActiveRecord: 0.7ms)
